<?xml version="1.0" encoding="UTF-8"?>
<testsuite name="pt.up.fe.ldts.example3.SimpleOrderTest" tests="3" skipped="0" failures="0" errors="0" timestamp="2021-12-21T00:23:15" hostname="DESKTOP-6QRG024" time="0.021">
  <properties/>
  <testcase name="testFixedDiscount()" classname="pt.up.fe.ldts.example3.SimpleOrderTest" time="0.001"/>
  <testcase name="testPercentageDiscount()" classname="pt.up.fe.ldts.example3.SimpleOrderTest" time="0.01"/>
  <testcase name="testNoDiscount()" classname="pt.up.fe.ldts.example3.SimpleOrderTest" time="0.005"/>
  <system-out><![CDATA[]]></system-out>
  <system-err><![CDATA[]]></system-err>
</testsuite>
