<?xml version="1.0" encoding="UTF-8"?>
<testsuite name="pt.up.fe.ldts.example4.WorkerSpockTest" tests="3" skipped="0" failures="0" errors="0" timestamp="2021-12-10T15:07:46" hostname="DESKTOP-6QRG024" time="0.015">
  <properties/>
  <testcase name="Worker" classname="pt.up.fe.ldts.example4.WorkerSpockTest" time="0.005"/>
  <testcase name="Supervisor" classname="pt.up.fe.ldts.example4.WorkerSpockTest" time="0.007"/>
  <testcase name="Client" classname="pt.up.fe.ldts.example4.WorkerSpockTest" time="0.003"/>
  <system-out><![CDATA[]]></system-out>
  <system-err><![CDATA[]]></system-err>
</testsuite>
