<?xml version="1.0" encoding="UTF-8"?>
<testsuite name="pt.up.fe.ldts.example3.SimpleOrderSpockTest" tests="3" skipped="0" failures="0" errors="0" timestamp="2021-12-21T00:23:12" hostname="DESKTOP-6QRG024" time="0.577">
  <properties/>
  <testcase name="Fixed Discount" classname="pt.up.fe.ldts.example3.SimpleOrderSpockTest" time="0.572"/>
  <testcase name="Percentage Discount" classname="pt.up.fe.ldts.example3.SimpleOrderSpockTest" time="0.002"/>
  <testcase name="No Discount" classname="pt.up.fe.ldts.example3.SimpleOrderSpockTest" time="0.002"/>
  <system-out><![CDATA[]]></system-out>
  <system-err><![CDATA[]]></system-err>
</testsuite>
