<?xml version="1.0" encoding="UTF-8"?>
<testsuite name="pt.up.fe.ldts.example6.TreeSpockTest" tests="6" skipped="0" failures="0" errors="0" timestamp="2021-12-21T00:32:31" hostname="DESKTOP-6QRG024" time="0.181">
  <properties/>
  <testcase name="Tree Creation" classname="pt.up.fe.ldts.example6.TreeSpockTest" time="0.068"/>
  <testcase name="Tree Set Location" classname="pt.up.fe.ldts.example6.TreeSpockTest" time="0.006"/>
  <testcase name="Tree to String" classname="pt.up.fe.ldts.example6.TreeSpockTest" time="0.024"/>
  <testcase name="Add Appraisal" classname="pt.up.fe.ldts.example6.TreeSpockTest" time="0.031"/>
  <testcase name="Next Appraisal Overdue" classname="pt.up.fe.ldts.example6.TreeSpockTest" time="0.046"/>
  <testcase name="Next Appraisal Not Overdue" classname="pt.up.fe.ldts.example6.TreeSpockTest" time="0.002"/>
  <system-out><![CDATA[]]></system-out>
  <system-err><![CDATA[]]></system-err>
</testsuite>
