<?xml version="1.0" encoding="UTF-8"?>
<testsuite name="pt.up.fe.ldts.example4.WorkerTest" tests="3" skipped="0" failures="0" errors="0" timestamp="2021-12-21T00:23:15" hostname="DESKTOP-6QRG024" time="0.011">
  <properties/>
  <testcase name="testClient()" classname="pt.up.fe.ldts.example4.WorkerTest" time="0.002"/>
  <testcase name="testWorker()" classname="pt.up.fe.ldts.example4.WorkerTest" time="0.003"/>
  <testcase name="testSupervisor()" classname="pt.up.fe.ldts.example4.WorkerTest" time="0.003"/>
  <system-out><![CDATA[]]></system-out>
  <system-err><![CDATA[]]></system-err>
</testsuite>
