<?xml version="1.0" encoding="UTF-8"?>
<testsuite name="pt.up.fe.ldts.example5.TurtleSpockTest" tests="3" skipped="0" failures="0" errors="0" timestamp="2021-12-21T00:32:31" hostname="DESKTOP-6QRG024" time="0.057">
  <properties/>
  <testcase name="Rotate Left" classname="pt.up.fe.ldts.example5.TurtleSpockTest" time="0.03"/>
  <testcase name="Rotate Right" classname="pt.up.fe.ldts.example5.TurtleSpockTest" time="0.004"/>
  <testcase name="Forward" classname="pt.up.fe.ldts.example5.TurtleSpockTest" time="0.011"/>
  <system-out><![CDATA[]]></system-out>
  <system-err><![CDATA[]]></system-err>
</testsuite>
