<?xml version="1.0" encoding="UTF-8"?>
<testsuite name="pt.up.fe.ldts.example2.ShapeSpockTest" tests="6" skipped="0" failures="0" errors="0" timestamp="2021-12-21T00:32:31" hostname="DESKTOP-6QRG024" time="0.172">
  <properties/>
  <testcase name="Get Area Circle" classname="pt.up.fe.ldts.example2.ShapeSpockTest" time="0.107"/>
  <testcase name="Get Area Rectangle" classname="pt.up.fe.ldts.example2.ShapeSpockTest" time="0.009"/>
  <testcase name="Get Perimeter Circle" classname="pt.up.fe.ldts.example2.ShapeSpockTest" time="0.003"/>
  <testcase name="Get Perimeter Rectangle" classname="pt.up.fe.ldts.example2.ShapeSpockTest" time="0.003"/>
  <testcase name="Draw Circle" classname="pt.up.fe.ldts.example2.ShapeSpockTest" time="0.046"/>
  <testcase name="Draw Rectangle" classname="pt.up.fe.ldts.example2.ShapeSpockTest" time="0.003"/>
  <system-out><![CDATA[]]></system-out>
  <system-err><![CDATA[]]></system-err>
</testsuite>
