<?xml version="1.0" encoding="UTF-8"?>
<testsuite name="pt.up.fe.ldts.example2.ShapeSpockTest" tests="6" skipped="0" failures="0" errors="0" timestamp="2021-12-21T00:23:13" hostname="DESKTOP-6QRG024" time="0.277">
  <properties/>
  <testcase name="Get Area Circle" classname="pt.up.fe.ldts.example2.ShapeSpockTest" time="0.174"/>
  <testcase name="Get Area Rectangle" classname="pt.up.fe.ldts.example2.ShapeSpockTest" time="0.006"/>
  <testcase name="Get Perimeter Circle" classname="pt.up.fe.ldts.example2.ShapeSpockTest" time="0.002"/>
  <testcase name="Get Perimeter Rectangle" classname="pt.up.fe.ldts.example2.ShapeSpockTest" time="0.004"/>
  <testcase name="Draw Circle" classname="pt.up.fe.ldts.example2.ShapeSpockTest" time="0.088"/>
  <testcase name="Draw Rectangle" classname="pt.up.fe.ldts.example2.ShapeSpockTest" time="0.002"/>
  <system-out><![CDATA[]]></system-out>
  <system-err><![CDATA[]]></system-err>
</testsuite>
